<?xml version="1.0" encoding="UTF-8"?>
<!-- Generated by org.testng.reporters.JUnitXMLReporter -->
<testsuite ignored="0" hostname="DESKTOP-DIQN68A" failures="0" tests="3" name="Submit order test" time="34.982" errors="0" timestamp="2024-12-11T02:29:42 IST">
  <testcase classname="MaheshChavan.test.SubmitOrderTest" name="submitorder" time="4.202"/>
  <testcase classname="MaheshChavan.test.SubmitOrderTest" name="submitorder" time="4.431"/>
  <testcase classname="MaheshChavan.test.SubmitOrderTest" name="orderHistory" time="0.973"/>
</testsuite> <!-- Submit order test -->
