<?xml version="1.0" encoding="UTF-8"?>
<!-- Generated by org.testng.reporters.JUnitXMLReporter -->
<testsuite ignored="0" hostname="DESKTOP-DIQN68A" failures="0" tests="2" name="Error Validation test" time="24.715" errors="0" timestamp="2024-12-12T19:18:09 IST">
  <testcase classname="MaheshChavan.test.ErrorValidationsTest" name="LoginErrorValidation" time="1.013"/>
  <testcase classname="MaheshChavan.test.ErrorValidationsTest" name="ProductErrorValidation" time="5.313"/>
</testsuite> <!-- Error Validation test -->
