<?xml version="1.0" encoding="UTF-8"?>
<!-- Generated by org.testng.reporters.JUnitXMLReporter -->
<testsuite ignored="0" hostname="DESKTOP-DIQN68A" failures="0" tests="3" name="Submit order test" time="37.808" errors="0" timestamp="2024-12-12T19:18:21 IST">
  <testcase classname="MaheshChavan.test.SubmitOrderTest" name="submitorder" time="6.249"/>
  <testcase classname="MaheshChavan.test.SubmitOrderTest" name="submitorder" time="3.876"/>
  <testcase classname="MaheshChavan.test.SubmitOrderTest" name="orderHistory" time="1.215"/>
</testsuite> <!-- Submit order test -->
